Assembler report for V_full_adder
Thu Jul 24 23:19:54 2025
Quartus Prime Version 18.0.0 Build 614 04/24/2018 SJ Standard Edition


---------------------
; Table of Contents ;
---------------------
  1. Legal Notice
  2. Assembler Summary
  3. Assembler Settings
  4. Assembler Generated Files
  5. Assembler Device Options: D:/GitHub/fpga_learing/V_full_adder/quartus_prj/output_files/V_full_adder.sof
  6. Assembler Messages



----------------
; Legal Notice ;
----------------
Copyright (C) 2018  Intel Corporation. All rights reserved.
Your use of Intel Corporation's design tools, logic functions 
and other software and tools, and its AMPP partner logic 
functions, and any output files from any of the foregoing 
(including device programming or simulation files), and any 
associated documentation or information are expressly subject 
to the terms and conditions of the Intel Program License 
Subscription Agreement, the Intel Quartus Prime License Agreement,
the Intel FPGA IP License Agreement, or other applicable license
agreement, including, without limitation, that your use is for
the sole purpose of programming logic devices manufactured by
Intel and sold by Intel or its authorized distributors.  Please
refer to the applicable agreement for further details.



+---------------------------------------------------------------+
; Assembler Summary                                             ;
+-----------------------+---------------------------------------+
; Assembler Status      ; Successful - Thu Jul 24 23:19:54 2025 ;
; Revision Name         ; V_full_adder                          ;
; Top-level Entity Name ; V_full_adder                          ;
; Family                ; Cyclone IV E                          ;
; Device                ; EP4CE10F17C8                          ;
+-----------------------+---------------------------------------+


+----------------------------------+
; Assembler Settings               ;
+--------+---------+---------------+
; Option ; Setting ; Default Value ;
+--------+---------+---------------+


+-------------------------------------------------------------------------------+
; Assembler Generated Files                                                     ;
+-------------------------------------------------------------------------------+
; File Name                                                                     ;
+-------------------------------------------------------------------------------+
; D:/GitHub/fpga_learing/V_full_adder/quartus_prj/output_files/V_full_adder.sof ;
+-------------------------------------------------------------------------------+


+---------------------------------------------------------------------------------------------------------+
; Assembler Device Options: D:/GitHub/fpga_learing/V_full_adder/quartus_prj/output_files/V_full_adder.sof ;
+----------------+----------------------------------------------------------------------------------------+
; Option         ; Setting                                                                                ;
+----------------+----------------------------------------------------------------------------------------+
; JTAG usercode  ; 0x0008798B                                                                             ;
; Checksum       ; 0x0008798B                                                                             ;
+----------------+----------------------------------------------------------------------------------------+


+--------------------+
; Assembler Messages ;
+--------------------+
Info: *******************************************************************
Info: Running Quartus Prime Assembler
    Info: Version 18.0.0 Build 614 04/24/2018 SJ Standard Edition
    Info: Processing started: Thu Jul 24 23:19:53 2025
Info: Command: quartus_asm --read_settings_files=off --write_settings_files=off V_full_adder -c V_full_adder
Warning (18236): Number of processors has not been specified which may cause overloading on shared machines.  Set the global assignment NUM_PARALLEL_PROCESSORS in your QSF to an appropriate value for best performance.
Info (115031): Writing out detailed assembly data for power analysis
Info (115030): Assembler is generating device programming files
Info: Quartus Prime Assembler was successful. 0 errors, 1 warning
    Info: Peak virtual memory: 4665 megabytes
    Info: Processing ended: Thu Jul 24 23:19:54 2025
    Info: Elapsed time: 00:00:01
    Info: Total CPU time (on all processors): 00:00:01


