EDA Netlist Writer report for I_led
Tue Jul 22 16:00:42 2025
Quartus Prime Version 18.0.0 Build 614 04/24/2018 SJ Standard Edition


---------------------
; Table of Contents ;
---------------------
  1. Legal Notice
  2. EDA Netlist Writer Summary
  3. Simulation Settings
  4. Simulation Generated Files
  5. EDA Netlist Writer Messages



----------------
; Legal Notice ;
----------------
Copyright (C) 2018  Intel Corporation. All rights reserved.
Your use of Intel Corporation's design tools, logic functions 
and other software and tools, and its AMPP partner logic 
functions, and any output files from any of the foregoing 
(including device programming or simulation files), and any 
associated documentation or information are expressly subject 
to the terms and conditions of the Intel Program License 
Subscription Agreement, the Intel Quartus Prime License Agreement,
the Intel FPGA IP License Agreement, or other applicable license
agreement, including, without limitation, that your use is for
the sole purpose of programming logic devices manufactured by
Intel and sold by Intel or its authorized distributors.  Please
refer to the applicable agreement for further details.



+-------------------------------------------------------------------+
; EDA Netlist Writer Summary                                        ;
+---------------------------+---------------------------------------+
; EDA Netlist Writer Status ; Successful - Tue Jul 22 16:00:42 2025 ;
; Revision Name             ; I_led                                 ;
; Top-level Entity Name     ; I_led                                 ;
; Family                    ; Cyclone IV E                          ;
; Simulation Files Creation ; Successful                            ;
+---------------------------+---------------------------------------+


+------------------------------------------------------------------------------------------------------------------------+
; Simulation Settings                                                                                                    ;
+---------------------------------------------------------------------------------------------------+--------------------+
; Option                                                                                            ; Setting            ;
+---------------------------------------------------------------------------------------------------+--------------------+
; Tool Name                                                                                         ; ModelSim (Verilog) ;
; Generate functional simulation netlist                                                            ; Off                ;
; Time scale                                                                                        ; 1 ps               ;
; Truncate long hierarchy paths                                                                     ; Off                ;
; Map illegal HDL characters                                                                        ; Off                ;
; Flatten buses into individual nodes                                                               ; Off                ;
; Maintain hierarchy                                                                                ; Off                ;
; Bring out device-wide set/reset signals as ports                                                  ; Off                ;
; Enable glitch filtering                                                                           ; Off                ;
; Do not write top level VHDL entity                                                                ; Off                ;
; Disable detection of setup and hold time violations in the input registers of bi-directional pins ; Off                ;
; Architecture name in VHDL output netlist                                                          ; structure          ;
; Generate third-party EDA tool command script for RTL functional simulation                        ; Off                ;
; Generate third-party EDA tool command script for gate-level simulation                            ; Off                ;
+---------------------------------------------------------------------------------------------------+--------------------+


+---------------------------------------------------------------------------------------------+
; Simulation Generated Files                                                                  ;
+---------------------------------------------------------------------------------------------+
; Generated Files                                                                             ;
+---------------------------------------------------------------------------------------------+
; D:/GitHub/fpga_learing/I_led/quartus_prj/simulation/modelsim/I_led_8_1200mv_85c_slow.vo     ;
; D:/GitHub/fpga_learing/I_led/quartus_prj/simulation/modelsim/I_led_8_1200mv_0c_slow.vo      ;
; D:/GitHub/fpga_learing/I_led/quartus_prj/simulation/modelsim/I_led_min_1200mv_0c_fast.vo    ;
; D:/GitHub/fpga_learing/I_led/quartus_prj/simulation/modelsim/I_led.vo                       ;
; D:/GitHub/fpga_learing/I_led/quartus_prj/simulation/modelsim/I_led_8_1200mv_85c_v_slow.sdo  ;
; D:/GitHub/fpga_learing/I_led/quartus_prj/simulation/modelsim/I_led_8_1200mv_0c_v_slow.sdo   ;
; D:/GitHub/fpga_learing/I_led/quartus_prj/simulation/modelsim/I_led_min_1200mv_0c_v_fast.sdo ;
; D:/GitHub/fpga_learing/I_led/quartus_prj/simulation/modelsim/I_led_v.sdo                    ;
+---------------------------------------------------------------------------------------------+


+-----------------------------+
; EDA Netlist Writer Messages ;
+-----------------------------+
Info: *******************************************************************
Info: Running Quartus Prime EDA Netlist Writer
    Info: Version 18.0.0 Build 614 04/24/2018 SJ Standard Edition
    Info: Processing started: Tue Jul 22 16:00:41 2025
Info: Command: quartus_eda --read_settings_files=off --write_settings_files=off I_led -c I_led
Info (204019): Generated file I_led_8_1200mv_85c_slow.vo in folder "D:/GitHub/fpga_learing/I_led/quartus_prj/simulation/modelsim/" for EDA simulation tool
Info (204019): Generated file I_led_8_1200mv_0c_slow.vo in folder "D:/GitHub/fpga_learing/I_led/quartus_prj/simulation/modelsim/" for EDA simulation tool
Info (204019): Generated file I_led_min_1200mv_0c_fast.vo in folder "D:/GitHub/fpga_learing/I_led/quartus_prj/simulation/modelsim/" for EDA simulation tool
Info (204019): Generated file I_led.vo in folder "D:/GitHub/fpga_learing/I_led/quartus_prj/simulation/modelsim/" for EDA simulation tool
Info (204019): Generated file I_led_8_1200mv_85c_v_slow.sdo in folder "D:/GitHub/fpga_learing/I_led/quartus_prj/simulation/modelsim/" for EDA simulation tool
Info (204019): Generated file I_led_8_1200mv_0c_v_slow.sdo in folder "D:/GitHub/fpga_learing/I_led/quartus_prj/simulation/modelsim/" for EDA simulation tool
Info (204019): Generated file I_led_min_1200mv_0c_v_fast.sdo in folder "D:/GitHub/fpga_learing/I_led/quartus_prj/simulation/modelsim/" for EDA simulation tool
Info (204019): Generated file I_led_v.sdo in folder "D:/GitHub/fpga_learing/I_led/quartus_prj/simulation/modelsim/" for EDA simulation tool
Info: Quartus Prime EDA Netlist Writer was successful. 0 errors, 0 warnings
    Info: Peak virtual memory: 4633 megabytes
    Info: Processing ended: Tue Jul 22 16:00:42 2025
    Info: Elapsed time: 00:00:01
    Info: Total CPU time (on all processors): 00:00:01


